<?xml version="1.0" encoding="UTF-8"?>
<testng-results skipped="0" failed="0" ignored="0" total="1" passed="1">
  <reporter-output>
  </reporter-output>
  <suite name="Default suite" duration-ms="343662" started-at="2017-09-13T22:14:02Z" finished-at="2017-09-13T22:19:45Z">
    <groups>
    </groups>
    <test name="Default test" duration-ms="343662" started-at="2017-09-13T22:14:02Z" finished-at="2017-09-13T22:19:45Z">
      <class name="Package_1.NewTest">
        <test-method status="PASS" signature="testCaseConditionalSkipException()[pri:0, instance:Package_1.NewTest@61832929]" name="testCaseConditionalSkipException" duration-ms="343642" started-at="2017-09-13T16:14:02Z" finished-at="2017-09-13T16:19:45Z">
          <reporter-output>
          </reporter-output>
        </test-method> <!-- testCaseConditionalSkipException -->
      </class> <!-- Package_1.NewTest -->
    </test> <!-- Default test -->
  </suite> <!-- Default suite -->
</testng-results>
